2022-01-06 18:59:35,127 INFO o.s.t.c.s.AbstractTestContextBootstrapper [main] Neither @ContextConfiguration nor @ContextHierarchy found for test class [com.openclassrooms.safetynets.alerts.util.AlertsControlITTest], using SpringBootContextLoader
2022-01-06 18:59:35,174 INFO o.s.t.c.s.AbstractContextLoader [main] Could not detect default resource locations for test class [com.openclassrooms.safetynets.alerts.util.AlertsControlITTest]: no resource found for suffixes {-context.xml, Context.groovy}.
2022-01-06 18:59:35,178 INFO o.s.t.c.s.AnnotationConfigContextLoaderUtils [main] Could not detect default configuration classes for test class [com.openclassrooms.safetynets.alerts.util.AlertsControlITTest]: AlertsControlITTest does not declare any static, non-private, non-final, nested classes annotated with @Configuration.
2022-01-06 18:59:35,550 INFO o.s.b.t.c.SpringBootTestContextBootstrapper [main] Found @SpringBootConfiguration com.openclassrooms.safetynets.alerts.AlertsApplication for test class com.openclassrooms.safetynets.alerts.util.AlertsControlITTest
2022-01-06 18:59:35,981 INFO o.s.t.c.s.AbstractTestContextBootstrapper [main] Loaded default TestExecutionListener class names from location [META-INF/spring.factories]: [org.springframework.boot.test.mock.mockito.MockitoTestExecutionListener, org.springframework.boot.test.mock.mockito.ResetMocksTestExecutionListener, org.springframework.boot.test.autoconfigure.restdocs.RestDocsTestExecutionListener, org.springframework.boot.test.autoconfigure.web.client.MockRestServiceServerResetTestExecutionListener, org.springframework.boot.test.autoconfigure.web.servlet.MockMvcPrintOnlyOnFailureTestExecutionListener, org.springframework.boot.test.autoconfigure.web.servlet.WebDriverTestExecutionListener, org.springframework.boot.test.autoconfigure.webservices.client.MockWebServiceServerTestExecutionListener, org.springframework.test.context.web.ServletTestExecutionListener, org.springframework.test.context.support.DirtiesContextBeforeModesTestExecutionListener, org.springframework.test.context.event.ApplicationEventsTestExecutionListener, org.springframework.test.context.support.DependencyInjectionTestExecutionListener, org.springframework.test.context.support.DirtiesContextTestExecutionListener, org.springframework.test.context.transaction.TransactionalTestExecutionListener, org.springframework.test.context.jdbc.SqlScriptsTestExecutionListener, org.springframework.test.context.event.EventPublishingTestExecutionListener]
2022-01-06 18:59:36,032 INFO o.s.t.c.s.AbstractTestContextBootstrapper [main] Using TestExecutionListeners: [org.springframework.test.context.web.ServletTestExecutionListener@1182413a, org.springframework.test.context.support.DirtiesContextBeforeModesTestExecutionListener@4d43a1b7, org.springframework.test.context.event.ApplicationEventsTestExecutionListener@5b14f482, org.springframework.boot.test.mock.mockito.MockitoTestExecutionListener@19705650, org.springframework.boot.test.autoconfigure.SpringBootDependencyInjectionTestExecutionListener@1a785fd5, org.springframework.test.context.support.DirtiesContextTestExecutionListener@4a660b34, org.springframework.test.context.event.EventPublishingTestExecutionListener@362a561e, org.springframework.boot.test.mock.mockito.ResetMocksTestExecutionListener@2df3545d, org.springframework.boot.test.autoconfigure.restdocs.RestDocsTestExecutionListener@75ad30c1, org.springframework.boot.test.autoconfigure.web.client.MockRestServiceServerResetTestExecutionListener@fe8aaeb, org.springframework.boot.test.autoconfigure.web.servlet.MockMvcPrintOnlyOnFailureTestExecutionListener@6b9697ae, org.springframework.boot.test.autoconfigure.web.servlet.WebDriverTestExecutionListener@5cf0673d, org.springframework.boot.test.autoconfigure.webservices.client.MockWebServiceServerTestExecutionListener@40c76f5a]
2022-01-06 18:59:37,293 INFO o.s.b.StartupInfoLogger [main] Starting AlertsControlITTest using Java 15.0.2 on DESKTOP-4LERM1S with PID 29128 (started by Lionel in C:\Users\Lionel\OneDrive\Bureau\Formation Dev JAVA\06102021_Projet_5\alerts\alerts)
2022-01-06 18:59:37,336 INFO o.s.b.SpringApplication [main] No active profile set, falling back to default profiles: default
2022-01-06 18:59:40,502 INFO o.s.b.w.e.t.TomcatWebServer [main] Tomcat initialized with port(s): 0 (http)
2022-01-06 18:59:40,573 INFO o.a.j.l.DirectJDKLog [main] Initializing ProtocolHandler ["http-nio-auto-1"]
2022-01-06 18:59:40,576 INFO o.a.j.l.DirectJDKLog [main] Starting service [Tomcat]
2022-01-06 18:59:40,579 INFO o.a.j.l.DirectJDKLog [main] Starting Servlet engine: [Apache Tomcat/9.0.53]
2022-01-06 18:59:40,877 INFO o.a.j.l.DirectJDKLog [main] Initializing Spring embedded WebApplicationContext
2022-01-06 18:59:40,877 INFO o.s.b.w.s.c.ServletWebServerApplicationContext [main] Root WebApplicationContext: initialization completed in 3488 ms
2022-01-06 18:59:43,972 INFO o.a.j.l.DirectJDKLog [main] Starting ProtocolHandler ["http-nio-auto-1"]
2022-01-06 18:59:44,022 INFO o.s.b.w.e.t.TomcatWebServer [main] Tomcat started on port(s): 63165 (http) with context path ''
2022-01-06 18:59:44,046 INFO o.s.b.StartupInfoLogger [main] Started AlertsControlITTest in 7.852 seconds (JVM running for 14.416)
2022-01-06 18:59:46,315 INFO o.a.j.l.DirectJDKLog [http-nio-auto-1-exec-1] Initializing Spring DispatcherServlet 'dispatcherServlet'
2022-01-06 18:59:46,318 INFO o.s.w.s.FrameworkServlet [http-nio-auto-1-exec-1] Initializing Servlet 'dispatcherServlet'
2022-01-06 18:59:46,321 INFO o.s.w.s.FrameworkServlet [http-nio-auto-1-exec-1] Completed initialization in 2 ms
2022-01-06 18:59:46,413 INFO c.o.s.a.c.AlertsController [http-nio-auto-1-exec-1] GET Request on /fire - SUCCESS
2022-01-06 18:59:46,582 ERROR o.a.j.l.DirectJDKLog [http-nio-auto-1-exec-2] Servlet.service() for servlet [dispatcherServlet] in context with path [] threw exception [Request processing failed; nested exception is java.lang.Exception: Bad request : missing address parameter] with root cause
java.lang.Exception: Bad request : missing address parameter
	at com.openclassrooms.safetynets.alerts.controller.AlertsController.getPersonsByAddress(AlertsController.java:88) ~[classes/:?]
	at jdk.internal.reflect.NativeMethodAccessorImpl.invoke0(Native Method) ~[?:?]
	at jdk.internal.reflect.NativeMethodAccessorImpl.invoke(NativeMethodAccessorImpl.java:64) ~[?:?]
	at jdk.internal.reflect.DelegatingMethodAccessorImpl.invoke(DelegatingMethodAccessorImpl.java:43) ~[?:?]
	at java.lang.reflect.Method.invoke(Method.java:564) ~[?:?]
	at org.springframework.web.method.support.InvocableHandlerMethod.doInvoke(InvocableHandlerMethod.java:205) ~[spring-web-5.3.10.jar:5.3.10]
	at org.springframework.web.method.support.InvocableHandlerMethod.invokeForRequest(InvocableHandlerMethod.java:150) ~[spring-web-5.3.10.jar:5.3.10]
	at org.springframework.web.servlet.mvc.method.annotation.ServletInvocableHandlerMethod.invokeAndHandle(ServletInvocableHandlerMethod.java:117) ~[spring-webmvc-5.3.10.jar:5.3.10]
	at org.springframework.web.servlet.mvc.method.annotation.RequestMappingHandlerAdapter.invokeHandlerMethod(RequestMappingHandlerAdapter.java:895) ~[spring-webmvc-5.3.10.jar:5.3.10]
	at org.springframework.web.servlet.mvc.method.annotation.RequestMappingHandlerAdapter.handleInternal(RequestMappingHandlerAdapter.java:808) ~[spring-webmvc-5.3.10.jar:5.3.10]
	at org.springframework.web.servlet.mvc.method.AbstractHandlerMethodAdapter.handle(AbstractHandlerMethodAdapter.java:87) ~[spring-webmvc-5.3.10.jar:5.3.10]
	at org.springframework.web.servlet.DispatcherServlet.doDispatch(DispatcherServlet.java:1067) ~[spring-webmvc-5.3.10.jar:5.3.10]
	at org.springframework.web.servlet.DispatcherServlet.doService(DispatcherServlet.java:963) ~[spring-webmvc-5.3.10.jar:5.3.10]
	at org.springframework.web.servlet.FrameworkServlet.processRequest(FrameworkServlet.java:1006) ~[spring-webmvc-5.3.10.jar:5.3.10]
	at org.springframework.web.servlet.FrameworkServlet.doGet(FrameworkServlet.java:898) ~[spring-webmvc-5.3.10.jar:5.3.10]
	at javax.servlet.http.HttpServlet.service(HttpServlet.java:655) ~[tomcat-embed-core-9.0.53.jar:4.0.FR]
	at org.springframework.web.servlet.FrameworkServlet.service(FrameworkServlet.java:883) ~[spring-webmvc-5.3.10.jar:5.3.10]
	at javax.servlet.http.HttpServlet.service(HttpServlet.java:764) ~[tomcat-embed-core-9.0.53.jar:4.0.FR]
	at org.apache.catalina.core.ApplicationFilterChain.internalDoFilter(ApplicationFilterChain.java:227) ~[tomcat-embed-core-9.0.53.jar:9.0.53]
	at org.apache.catalina.core.ApplicationFilterChain.doFilter(ApplicationFilterChain.java:162) ~[tomcat-embed-core-9.0.53.jar:9.0.53]
	at org.apache.tomcat.websocket.server.WsFilter.doFilter(WsFilter.java:53) ~[tomcat-embed-websocket-9.0.53.jar:9.0.53]
	at org.apache.catalina.core.ApplicationFilterChain.internalDoFilter(ApplicationFilterChain.java:189) ~[tomcat-embed-core-9.0.53.jar:9.0.53]
	at org.apache.catalina.core.ApplicationFilterChain.doFilter(ApplicationFilterChain.java:162) ~[tomcat-embed-core-9.0.53.jar:9.0.53]
	at org.springframework.web.filter.RequestContextFilter.doFilterInternal(RequestContextFilter.java:100) ~[spring-web-5.3.10.jar:5.3.10]
	at org.springframework.web.filter.OncePerRequestFilter.doFilter(OncePerRequestFilter.java:119) ~[spring-web-5.3.10.jar:5.3.10]
	at org.apache.catalina.core.ApplicationFilterChain.internalDoFilter(ApplicationFilterChain.java:189) ~[tomcat-embed-core-9.0.53.jar:9.0.53]
	at org.apache.catalina.core.ApplicationFilterChain.doFilter(ApplicationFilterChain.java:162) ~[tomcat-embed-core-9.0.53.jar:9.0.53]
	at org.springframework.web.filter.FormContentFilter.doFilterInternal(FormContentFilter.java:93) ~[spring-web-5.3.10.jar:5.3.10]
	at org.springframework.web.filter.OncePerRequestFilter.doFilter(OncePerRequestFilter.java:119) ~[spring-web-5.3.10.jar:5.3.10]
	at org.apache.catalina.core.ApplicationFilterChain.internalDoFilter(ApplicationFilterChain.java:189) ~[tomcat-embed-core-9.0.53.jar:9.0.53]
	at org.apache.catalina.core.ApplicationFilterChain.doFilter(ApplicationFilterChain.java:162) ~[tomcat-embed-core-9.0.53.jar:9.0.53]
	at org.springframework.web.filter.CharacterEncodingFilter.doFilterInternal(CharacterEncodingFilter.java:201) ~[spring-web-5.3.10.jar:5.3.10]
	at org.springframework.web.filter.OncePerRequestFilter.doFilter(OncePerRequestFilter.java:119) ~[spring-web-5.3.10.jar:5.3.10]
	at org.apache.catalina.core.ApplicationFilterChain.internalDoFilter(ApplicationFilterChain.java:189) ~[tomcat-embed-core-9.0.53.jar:9.0.53]
	at org.apache.catalina.core.ApplicationFilterChain.doFilter(ApplicationFilterChain.java:162) ~[tomcat-embed-core-9.0.53.jar:9.0.53]
	at org.apache.catalina.core.StandardWrapperValve.invoke(StandardWrapperValve.java:197) [tomcat-embed-core-9.0.53.jar:9.0.53]
	at org.apache.catalina.core.StandardContextValve.invoke(StandardContextValve.java:97) [tomcat-embed-core-9.0.53.jar:9.0.53]
	at org.apache.catalina.authenticator.AuthenticatorBase.invoke(AuthenticatorBase.java:540) [tomcat-embed-core-9.0.53.jar:9.0.53]
	at org.apache.catalina.core.StandardHostValve.invoke(StandardHostValve.java:135) [tomcat-embed-core-9.0.53.jar:9.0.53]
	at org.apache.catalina.valves.ErrorReportValve.invoke(ErrorReportValve.java:92) [tomcat-embed-core-9.0.53.jar:9.0.53]
	at org.apache.catalina.core.StandardEngineValve.invoke(StandardEngineValve.java:78) [tomcat-embed-core-9.0.53.jar:9.0.53]
	at org.apache.catalina.connector.CoyoteAdapter.service(CoyoteAdapter.java:357) [tomcat-embed-core-9.0.53.jar:9.0.53]
	at org.apache.coyote.http11.Http11Processor.service(Http11Processor.java:382) [tomcat-embed-core-9.0.53.jar:9.0.53]
	at org.apache.coyote.AbstractProcessorLight.process(AbstractProcessorLight.java:65) [tomcat-embed-core-9.0.53.jar:9.0.53]
	at org.apache.coyote.AbstractProtocol$ConnectionHandler.process(AbstractProtocol.java:893) [tomcat-embed-core-9.0.53.jar:9.0.53]
	at org.apache.tomcat.util.net.NioEndpoint$SocketProcessor.doRun(NioEndpoint.java:1726) [tomcat-embed-core-9.0.53.jar:9.0.53]
	at org.apache.tomcat.util.net.SocketProcessorBase.run(SocketProcessorBase.java:49) [tomcat-embed-core-9.0.53.jar:9.0.53]
	at org.apache.tomcat.util.threads.ThreadPoolExecutor.runWorker(ThreadPoolExecutor.java:1191) [tomcat-embed-core-9.0.53.jar:9.0.53]
	at org.apache.tomcat.util.threads.ThreadPoolExecutor$Worker.run(ThreadPoolExecutor.java:659) [tomcat-embed-core-9.0.53.jar:9.0.53]
	at org.apache.tomcat.util.threads.TaskThread$WrappingRunnable.run(TaskThread.java:61) [tomcat-embed-core-9.0.53.jar:9.0.53]
	at java.lang.Thread.run(Thread.java:832) [?:?]
2022-01-06 18:59:46,872 INFO o.s.t.c.s.AbstractTestContextBootstrapper [main] Neither @ContextConfiguration nor @ContextHierarchy found for test class [com.openclassrooms.safetynets.alerts.util.DataTest], using SpringBootContextLoader
2022-01-06 18:59:46,876 INFO o.s.t.c.s.AbstractContextLoader [main] Could not detect default resource locations for test class [com.openclassrooms.safetynets.alerts.util.DataTest]: no resource found for suffixes {-context.xml, Context.groovy}.
2022-01-06 18:59:46,877 INFO o.s.t.c.s.AnnotationConfigContextLoaderUtils [main] Could not detect default configuration classes for test class [com.openclassrooms.safetynets.alerts.util.DataTest]: DataTest does not declare any static, non-private, non-final, nested classes annotated with @Configuration.
2022-01-06 18:59:46,883 INFO o.s.b.t.c.SpringBootTestContextBootstrapper [main] Found @SpringBootConfiguration com.openclassrooms.safetynets.alerts.AlertsApplication for test class com.openclassrooms.safetynets.alerts.util.DataTest
2022-01-06 18:59:46,889 INFO o.s.t.c.s.AbstractTestContextBootstrapper [main] Loaded default TestExecutionListener class names from location [META-INF/spring.factories]: [org.springframework.boot.test.mock.mockito.MockitoTestExecutionListener, org.springframework.boot.test.mock.mockito.ResetMocksTestExecutionListener, org.springframework.boot.test.autoconfigure.restdocs.RestDocsTestExecutionListener, org.springframework.boot.test.autoconfigure.web.client.MockRestServiceServerResetTestExecutionListener, org.springframework.boot.test.autoconfigure.web.servlet.MockMvcPrintOnlyOnFailureTestExecutionListener, org.springframework.boot.test.autoconfigure.web.servlet.WebDriverTestExecutionListener, org.springframework.boot.test.autoconfigure.webservices.client.MockWebServiceServerTestExecutionListener, org.springframework.test.context.web.ServletTestExecutionListener, org.springframework.test.context.support.DirtiesContextBeforeModesTestExecutionListener, org.springframework.test.context.event.ApplicationEventsTestExecutionListener, org.springframework.test.context.support.DependencyInjectionTestExecutionListener, org.springframework.test.context.support.DirtiesContextTestExecutionListener, org.springframework.test.context.transaction.TransactionalTestExecutionListener, org.springframework.test.context.jdbc.SqlScriptsTestExecutionListener, org.springframework.test.context.event.EventPublishingTestExecutionListener]
2022-01-06 18:59:46,892 INFO o.s.t.c.s.AbstractTestContextBootstrapper [main] Using TestExecutionListeners: [org.springframework.test.context.web.ServletTestExecutionListener@4a45042a, org.springframework.test.context.support.DirtiesContextBeforeModesTestExecutionListener@7bc1ae33, org.springframework.test.context.event.ApplicationEventsTestExecutionListener@1e32be24, org.springframework.boot.test.mock.mockito.MockitoTestExecutionListener@57bfaa41, org.springframework.boot.test.autoconfigure.SpringBootDependencyInjectionTestExecutionListener@353990c8, org.springframework.test.context.support.DirtiesContextTestExecutionListener@43ff006a, org.springframework.test.context.event.EventPublishingTestExecutionListener@48b745af, org.springframework.boot.test.mock.mockito.ResetMocksTestExecutionListener@62f0035a, org.springframework.boot.test.autoconfigure.restdocs.RestDocsTestExecutionListener@1b36701c, org.springframework.boot.test.autoconfigure.web.client.MockRestServiceServerResetTestExecutionListener@20f1cf40, org.springframework.boot.test.autoconfigure.web.servlet.MockMvcPrintOnlyOnFailureTestExecutionListener@52997ccc, org.springframework.boot.test.autoconfigure.web.servlet.WebDriverTestExecutionListener@30114f16, org.springframework.boot.test.autoconfigure.webservices.client.MockWebServiceServerTestExecutionListener@188f6f98]
2022-01-06 18:59:47,012 INFO o.s.b.StartupInfoLogger [main] Starting DataTest using Java 15.0.2 on DESKTOP-4LERM1S with PID 29128 (started by Lionel in C:\Users\Lionel\OneDrive\Bureau\Formation Dev JAVA\06102021_Projet_5\alerts\alerts)
2022-01-06 18:59:47,016 INFO o.s.b.SpringApplication [main] No active profile set, falling back to default profiles: default
2022-01-06 18:59:48,933 INFO o.s.b.StartupInfoLogger [main] Started DataTest in 2.023 seconds (JVM running for 19.303)
2022-01-06 18:59:49,050 ERROR c.o.s.a.u.AgeCalcul [main] Birthdate is incorrect:2027-01-06
2022-01-06 18:59:50,427 INFO o.s.t.c.s.AbstractTestContextBootstrapper [main] Neither @ContextConfiguration nor @ContextHierarchy found for test class [com.openclassrooms.safetynets.alerts.unit.controller.ControllerPersonTest], using SpringBootContextLoader
2022-01-06 18:59:50,432 INFO o.s.t.c.s.AbstractContextLoader [main] Could not detect default resource locations for test class [com.openclassrooms.safetynets.alerts.unit.controller.ControllerPersonTest]: no resource found for suffixes {-context.xml, Context.groovy}.
2022-01-06 18:59:50,436 INFO o.s.t.c.s.AnnotationConfigContextLoaderUtils [main] Could not detect default configuration classes for test class [com.openclassrooms.safetynets.alerts.unit.controller.ControllerPersonTest]: ControllerPersonTest does not declare any static, non-private, non-final, nested classes annotated with @Configuration.
2022-01-06 18:59:50,505 INFO o.s.b.t.c.SpringBootTestContextBootstrapper [main] Found @SpringBootConfiguration com.openclassrooms.safetynets.alerts.AlertsApplication for test class com.openclassrooms.safetynets.alerts.unit.controller.ControllerPersonTest
2022-01-06 18:59:50,511 INFO o.s.t.c.s.AbstractTestContextBootstrapper [main] Loaded default TestExecutionListener class names from location [META-INF/spring.factories]: [org.springframework.boot.test.mock.mockito.MockitoTestExecutionListener, org.springframework.boot.test.mock.mockito.ResetMocksTestExecutionListener, org.springframework.boot.test.autoconfigure.restdocs.RestDocsTestExecutionListener, org.springframework.boot.test.autoconfigure.web.client.MockRestServiceServerResetTestExecutionListener, org.springframework.boot.test.autoconfigure.web.servlet.MockMvcPrintOnlyOnFailureTestExecutionListener, org.springframework.boot.test.autoconfigure.web.servlet.WebDriverTestExecutionListener, org.springframework.boot.test.autoconfigure.webservices.client.MockWebServiceServerTestExecutionListener, org.springframework.test.context.web.ServletTestExecutionListener, org.springframework.test.context.support.DirtiesContextBeforeModesTestExecutionListener, org.springframework.test.context.event.ApplicationEventsTestExecutionListener, org.springframework.test.context.support.DependencyInjectionTestExecutionListener, org.springframework.test.context.support.DirtiesContextTestExecutionListener, org.springframework.test.context.transaction.TransactionalTestExecutionListener, org.springframework.test.context.jdbc.SqlScriptsTestExecutionListener, org.springframework.test.context.event.EventPublishingTestExecutionListener]
2022-01-06 18:59:50,514 INFO o.s.t.c.s.AbstractTestContextBootstrapper [main] Using TestExecutionListeners: [org.springframework.test.context.web.ServletTestExecutionListener@3434890, org.springframework.test.context.support.DirtiesContextBeforeModesTestExecutionListener@381f0bf4, org.springframework.test.context.event.ApplicationEventsTestExecutionListener@a56277b, org.springframework.boot.test.mock.mockito.MockitoTestExecutionListener@351bfccc, org.springframework.boot.test.autoconfigure.SpringBootDependencyInjectionTestExecutionListener@2c053537, org.springframework.test.context.support.DirtiesContextTestExecutionListener@6c85dbe8, org.springframework.test.context.event.EventPublishingTestExecutionListener@57d354fc, org.springframework.boot.test.mock.mockito.ResetMocksTestExecutionListener@3dc42f56, org.springframework.boot.test.autoconfigure.restdocs.RestDocsTestExecutionListener@386d0954, org.springframework.boot.test.autoconfigure.web.client.MockRestServiceServerResetTestExecutionListener@7af5cf2a, org.springframework.boot.test.autoconfigure.web.servlet.MockMvcPrintOnlyOnFailureTestExecutionListener@37cc103c, org.springframework.boot.test.autoconfigure.web.servlet.WebDriverTestExecutionListener@2b6e270c, org.springframework.boot.test.autoconfigure.webservices.client.MockWebServiceServerTestExecutionListener@7b19bc9c]
2022-01-06 18:59:50,600 INFO o.s.b.StartupInfoLogger [main] Starting ControllerPersonTest using Java 15.0.2 on DESKTOP-4LERM1S with PID 29128 (started by Lionel in C:\Users\Lionel\OneDrive\Bureau\Formation Dev JAVA\06102021_Projet_5\alerts\alerts)
2022-01-06 18:59:50,604 INFO o.s.b.SpringApplication [main] No active profile set, falling back to default profiles: default
2022-01-06 18:59:51,685 INFO o.s.m.w.MockServletContext [main] Initializing Spring TestDispatcherServlet ''
2022-01-06 18:59:51,688 INFO o.s.w.s.FrameworkServlet [main] Initializing Servlet ''
2022-01-06 18:59:51,694 INFO o.s.w.s.FrameworkServlet [main] Completed initialization in 2 ms
2022-01-06 18:59:51,736 INFO o.s.b.StartupInfoLogger [main] Started ControllerPersonTest in 1.217 seconds (JVM running for 22.107)
2022-01-06 18:59:51,773 INFO c.o.s.a.c.PersonController [main] Person GET Request - SUCCESS
2022-01-06 18:59:51,998 INFO c.o.s.a.c.PersonController [main] POST /person response : CREATED
2022-01-06 18:59:52,017 INFO c.o.s.a.c.PersonController [main] Person PUT request - SUCCESS
2022-01-06 18:59:52,033 INFO c.o.s.a.c.PersonController [main] Person DELETE request - SUCCESS
2022-01-06 18:59:52,063 INFO o.s.t.c.s.AbstractTestContextBootstrapper [main] Neither @ContextConfiguration nor @ContextHierarchy found for test class [com.openclassrooms.safetynets.alerts.unit.controller.ControllerFireTest], using SpringBootContextLoader
2022-01-06 18:59:52,075 INFO o.s.t.c.s.AbstractContextLoader [main] Could not detect default resource locations for test class [com.openclassrooms.safetynets.alerts.unit.controller.ControllerFireTest]: no resource found for suffixes {-context.xml, Context.groovy}.
2022-01-06 18:59:52,077 INFO o.s.t.c.s.AnnotationConfigContextLoaderUtils [main] Could not detect default configuration classes for test class [com.openclassrooms.safetynets.alerts.unit.controller.ControllerFireTest]: ControllerFireTest does not declare any static, non-private, non-final, nested classes annotated with @Configuration.
2022-01-06 18:59:52,089 INFO o.s.b.t.c.SpringBootTestContextBootstrapper [main] Found @SpringBootConfiguration com.openclassrooms.safetynets.alerts.AlertsApplication for test class com.openclassrooms.safetynets.alerts.unit.controller.ControllerFireTest
2022-01-06 18:59:52,091 INFO o.s.t.c.s.AbstractTestContextBootstrapper [main] Loaded default TestExecutionListener class names from location [META-INF/spring.factories]: [org.springframework.boot.test.mock.mockito.MockitoTestExecutionListener, org.springframework.boot.test.mock.mockito.ResetMocksTestExecutionListener, org.springframework.boot.test.autoconfigure.restdocs.RestDocsTestExecutionListener, org.springframework.boot.test.autoconfigure.web.client.MockRestServiceServerResetTestExecutionListener, org.springframework.boot.test.autoconfigure.web.servlet.MockMvcPrintOnlyOnFailureTestExecutionListener, org.springframework.boot.test.autoconfigure.web.servlet.WebDriverTestExecutionListener, org.springframework.boot.test.autoconfigure.webservices.client.MockWebServiceServerTestExecutionListener, org.springframework.test.context.web.ServletTestExecutionListener, org.springframework.test.context.support.DirtiesContextBeforeModesTestExecutionListener, org.springframework.test.context.event.ApplicationEventsTestExecutionListener, org.springframework.test.context.support.DependencyInjectionTestExecutionListener, org.springframework.test.context.support.DirtiesContextTestExecutionListener, org.springframework.test.context.transaction.TransactionalTestExecutionListener, org.springframework.test.context.jdbc.SqlScriptsTestExecutionListener, org.springframework.test.context.event.EventPublishingTestExecutionListener]
2022-01-06 18:59:52,094 INFO o.s.t.c.s.AbstractTestContextBootstrapper [main] Using TestExecutionListeners: [org.springframework.test.context.web.ServletTestExecutionListener@1c7294c, org.springframework.test.context.support.DirtiesContextBeforeModesTestExecutionListener@1b4d6eff, org.springframework.test.context.event.ApplicationEventsTestExecutionListener@6786016, org.springframework.boot.test.mock.mockito.MockitoTestExecutionListener@78b00778, org.springframework.boot.test.autoconfigure.SpringBootDependencyInjectionTestExecutionListener@4005dc6b, org.springframework.test.context.support.DirtiesContextTestExecutionListener@30cf6802, org.springframework.test.context.event.EventPublishingTestExecutionListener@7572c6dd, org.springframework.boot.test.mock.mockito.ResetMocksTestExecutionListener@d8194cc, org.springframework.boot.test.autoconfigure.restdocs.RestDocsTestExecutionListener@6389e793, org.springframework.boot.test.autoconfigure.web.client.MockRestServiceServerResetTestExecutionListener@284d1c98, org.springframework.boot.test.autoconfigure.web.servlet.MockMvcPrintOnlyOnFailureTestExecutionListener@4b6a7362, org.springframework.boot.test.autoconfigure.web.servlet.WebDriverTestExecutionListener@4acca937, org.springframework.boot.test.autoconfigure.webservices.client.MockWebServiceServerTestExecutionListener@66557a82]
2022-01-06 18:59:52,254 INFO o.s.b.StartupInfoLogger [main] Starting ControllerFireTest using Java 15.0.2 on DESKTOP-4LERM1S with PID 29128 (started by Lionel in C:\Users\Lionel\OneDrive\Bureau\Formation Dev JAVA\06102021_Projet_5\alerts\alerts)
2022-01-06 18:59:52,257 INFO o.s.b.SpringApplication [main] No active profile set, falling back to default profiles: default
2022-01-06 18:59:53,184 INFO o.s.m.w.MockServletContext [main] Initializing Spring TestDispatcherServlet ''
2022-01-06 18:59:53,186 INFO o.s.w.s.FrameworkServlet [main] Initializing Servlet ''
2022-01-06 18:59:53,187 INFO o.s.w.s.FrameworkServlet [main] Completed initialization in 1 ms
2022-01-06 18:59:53,210 INFO o.s.b.StartupInfoLogger [main] Started ControllerFireTest in 1.018 seconds (JVM running for 23.581)
2022-01-06 18:59:53,246 INFO c.o.s.a.c.FireStationController [main] FireStation DELETE request - SUCCESS
2022-01-06 18:59:53,275 INFO c.o.s.a.c.FireStationController [main] FireStation GET Request - SUCCESS
2022-01-06 18:59:53,307 INFO c.o.s.a.c.FireStationController [main] FireStation PUT request - SUCCESS
2022-01-06 18:59:53,327 INFO c.o.s.a.c.FireStationController [main] FireStation POST request - SUCCESS
2022-01-06 18:59:53,379 INFO o.s.t.c.s.AbstractTestContextBootstrapper [main] Neither @ContextConfiguration nor @ContextHierarchy found for test class [com.openclassrooms.safetynets.alerts.unit.controller.ControllerMedicalRecordTest], using SpringBootContextLoader
2022-01-06 18:59:53,382 INFO o.s.t.c.s.AbstractContextLoader [main] Could not detect default resource locations for test class [com.openclassrooms.safetynets.alerts.unit.controller.ControllerMedicalRecordTest]: no resource found for suffixes {-context.xml, Context.groovy}.
2022-01-06 18:59:53,383 INFO o.s.t.c.s.AnnotationConfigContextLoaderUtils [main] Could not detect default configuration classes for test class [com.openclassrooms.safetynets.alerts.unit.controller.ControllerMedicalRecordTest]: ControllerMedicalRecordTest does not declare any static, non-private, non-final, nested classes annotated with @Configuration.
2022-01-06 18:59:53,387 INFO o.s.b.t.c.SpringBootTestContextBootstrapper [main] Found @SpringBootConfiguration com.openclassrooms.safetynets.alerts.AlertsApplication for test class com.openclassrooms.safetynets.alerts.unit.controller.ControllerMedicalRecordTest
2022-01-06 18:59:53,393 INFO o.s.t.c.s.AbstractTestContextBootstrapper [main] Loaded default TestExecutionListener class names from location [META-INF/spring.factories]: [org.springframework.boot.test.mock.mockito.MockitoTestExecutionListener, org.springframework.boot.test.mock.mockito.ResetMocksTestExecutionListener, org.springframework.boot.test.autoconfigure.restdocs.RestDocsTestExecutionListener, org.springframework.boot.test.autoconfigure.web.client.MockRestServiceServerResetTestExecutionListener, org.springframework.boot.test.autoconfigure.web.servlet.MockMvcPrintOnlyOnFailureTestExecutionListener, org.springframework.boot.test.autoconfigure.web.servlet.WebDriverTestExecutionListener, org.springframework.boot.test.autoconfigure.webservices.client.MockWebServiceServerTestExecutionListener, org.springframework.test.context.web.ServletTestExecutionListener, org.springframework.test.context.support.DirtiesContextBeforeModesTestExecutionListener, org.springframework.test.context.event.ApplicationEventsTestExecutionListener, org.springframework.test.context.support.DependencyInjectionTestExecutionListener, org.springframework.test.context.support.DirtiesContextTestExecutionListener, org.springframework.test.context.transaction.TransactionalTestExecutionListener, org.springframework.test.context.jdbc.SqlScriptsTestExecutionListener, org.springframework.test.context.event.EventPublishingTestExecutionListener]
2022-01-06 18:59:53,396 INFO o.s.t.c.s.AbstractTestContextBootstrapper [main] Using TestExecutionListeners: [org.springframework.test.context.web.ServletTestExecutionListener@1d74720f, org.springframework.test.context.support.DirtiesContextBeforeModesTestExecutionListener@53222524, org.springframework.test.context.event.ApplicationEventsTestExecutionListener@1894071, org.springframework.boot.test.mock.mockito.MockitoTestExecutionListener@2afee2ee, org.springframework.boot.test.autoconfigure.SpringBootDependencyInjectionTestExecutionListener@142409b4, org.springframework.test.context.support.DirtiesContextTestExecutionListener@56ed0511, org.springframework.test.context.event.EventPublishingTestExecutionListener@1d2c5d75, org.springframework.boot.test.mock.mockito.ResetMocksTestExecutionListener@401835ac, org.springframework.boot.test.autoconfigure.restdocs.RestDocsTestExecutionListener@7445fdb2, org.springframework.boot.test.autoconfigure.web.client.MockRestServiceServerResetTestExecutionListener@4a3ebba6, org.springframework.boot.test.autoconfigure.web.servlet.MockMvcPrintOnlyOnFailureTestExecutionListener@35069061, org.springframework.boot.test.autoconfigure.web.servlet.WebDriverTestExecutionListener@34327638, org.springframework.boot.test.autoconfigure.webservices.client.MockWebServiceServerTestExecutionListener@6fc1a561]
2022-01-06 18:59:53,547 INFO o.s.b.StartupInfoLogger [main] Starting ControllerMedicalRecordTest using Java 15.0.2 on DESKTOP-4LERM1S with PID 29128 (started by Lionel in C:\Users\Lionel\OneDrive\Bureau\Formation Dev JAVA\06102021_Projet_5\alerts\alerts)
2022-01-06 18:59:53,557 INFO o.s.b.SpringApplication [main] No active profile set, falling back to default profiles: default
2022-01-06 18:59:54,516 INFO o.s.m.w.MockServletContext [main] Initializing Spring TestDispatcherServlet ''
2022-01-06 18:59:54,516 INFO o.s.w.s.FrameworkServlet [main] Initializing Servlet ''
2022-01-06 18:59:54,518 INFO o.s.w.s.FrameworkServlet [main] Completed initialization in 1 ms
2022-01-06 18:59:54,548 INFO o.s.b.StartupInfoLogger [main] Started ControllerMedicalRecordTest in 1.053 seconds (JVM running for 24.918)
2022-01-06 18:59:54,562 INFO c.o.s.a.c.MedicalRecordController [main] MedicalRecord DELETE request - SUCCESS
2022-01-06 18:59:54,605 INFO c.o.s.a.c.MedicalRecordController [main] MedicalRecord GET Request - SUCCESS
2022-01-06 18:59:54,654 INFO c.o.s.a.c.MedicalRecordController [main] MedicalRecord PUT request - SUCCESS
2022-01-06 18:59:54,693 INFO c.o.s.a.c.MedicalRecordController [main] MedicalRecord POST request - SUCCESS
2022-01-06 18:59:54,715 INFO o.s.t.c.s.AbstractTestContextBootstrapper [main] Neither @ContextConfiguration nor @ContextHierarchy found for test class [com.openclassrooms.safetynets.alerts.unit.controller.ControllerAlertsTest], using SpringBootContextLoader
2022-01-06 18:59:54,716 INFO o.s.t.c.s.AbstractContextLoader [main] Could not detect default resource locations for test class [com.openclassrooms.safetynets.alerts.unit.controller.ControllerAlertsTest]: no resource found for suffixes {-context.xml, Context.groovy}.
2022-01-06 18:59:54,717 INFO o.s.t.c.s.AnnotationConfigContextLoaderUtils [main] Could not detect default configuration classes for test class [com.openclassrooms.safetynets.alerts.unit.controller.ControllerAlertsTest]: ControllerAlertsTest does not declare any static, non-private, non-final, nested classes annotated with @Configuration.
2022-01-06 18:59:54,725 INFO o.s.b.t.c.SpringBootTestContextBootstrapper [main] Found @SpringBootConfiguration com.openclassrooms.safetynets.alerts.AlertsApplication for test class com.openclassrooms.safetynets.alerts.unit.controller.ControllerAlertsTest
2022-01-06 18:59:54,726 INFO o.s.t.c.s.AbstractTestContextBootstrapper [main] Loaded default TestExecutionListener class names from location [META-INF/spring.factories]: [org.springframework.boot.test.mock.mockito.MockitoTestExecutionListener, org.springframework.boot.test.mock.mockito.ResetMocksTestExecutionListener, org.springframework.boot.test.autoconfigure.restdocs.RestDocsTestExecutionListener, org.springframework.boot.test.autoconfigure.web.client.MockRestServiceServerResetTestExecutionListener, org.springframework.boot.test.autoconfigure.web.servlet.MockMvcPrintOnlyOnFailureTestExecutionListener, org.springframework.boot.test.autoconfigure.web.servlet.WebDriverTestExecutionListener, org.springframework.boot.test.autoconfigure.webservices.client.MockWebServiceServerTestExecutionListener, org.springframework.test.context.web.ServletTestExecutionListener, org.springframework.test.context.support.DirtiesContextBeforeModesTestExecutionListener, org.springframework.test.context.event.ApplicationEventsTestExecutionListener, org.springframework.test.context.support.DependencyInjectionTestExecutionListener, org.springframework.test.context.support.DirtiesContextTestExecutionListener, org.springframework.test.context.transaction.TransactionalTestExecutionListener, org.springframework.test.context.jdbc.SqlScriptsTestExecutionListener, org.springframework.test.context.event.EventPublishingTestExecutionListener]
2022-01-06 18:59:54,728 INFO o.s.t.c.s.AbstractTestContextBootstrapper [main] Using TestExecutionListeners: [org.springframework.test.context.web.ServletTestExecutionListener@7b004765, org.springframework.test.context.support.DirtiesContextBeforeModesTestExecutionListener@1b15e7f6, org.springframework.test.context.event.ApplicationEventsTestExecutionListener@69b74dc2, org.springframework.boot.test.mock.mockito.MockitoTestExecutionListener@17c45a57, org.springframework.boot.test.autoconfigure.SpringBootDependencyInjectionTestExecutionListener@6e860ca5, org.springframework.test.context.support.DirtiesContextTestExecutionListener@5a187cd4, org.springframework.test.context.event.EventPublishingTestExecutionListener@912e308, org.springframework.boot.test.mock.mockito.ResetMocksTestExecutionListener@3c31169f, org.springframework.boot.test.autoconfigure.restdocs.RestDocsTestExecutionListener@628cd698, org.springframework.boot.test.autoconfigure.web.client.MockRestServiceServerResetTestExecutionListener@7b6bf8c1, org.springframework.boot.test.autoconfigure.web.servlet.MockMvcPrintOnlyOnFailureTestExecutionListener@65ff5e07, org.springframework.boot.test.autoconfigure.web.servlet.WebDriverTestExecutionListener@51ce29c9, org.springframework.boot.test.autoconfigure.webservices.client.MockWebServiceServerTestExecutionListener@55f20d7e]
2022-01-06 18:59:54,828 INFO o.s.b.StartupInfoLogger [main] Starting ControllerAlertsTest using Java 15.0.2 on DESKTOP-4LERM1S with PID 29128 (started by Lionel in C:\Users\Lionel\OneDrive\Bureau\Formation Dev JAVA\06102021_Projet_5\alerts\alerts)
2022-01-06 18:59:54,831 INFO o.s.b.SpringApplication [main] No active profile set, falling back to default profiles: default
2022-01-06 18:59:55,707 INFO o.s.m.w.MockServletContext [main] Initializing Spring TestDispatcherServlet ''
2022-01-06 18:59:55,707 INFO o.s.w.s.FrameworkServlet [main] Initializing Servlet ''
2022-01-06 18:59:55,708 INFO o.s.w.s.FrameworkServlet [main] Completed initialization in 0 ms
2022-01-06 18:59:55,732 INFO o.s.b.StartupInfoLogger [main] Started ControllerAlertsTest in 0.998 seconds (JVM running for 26.102)
2022-01-06 18:59:55,746 INFO c.o.s.a.c.AlertsController [main] GET Request on /flood - SUCCESS
2022-01-06 18:59:55,795 INFO c.o.s.a.c.AlertsController [main] GET Request on /personInfo - SUCCESS
2022-01-06 18:59:55,861 INFO c.o.s.a.c.AlertsController [main] GET Request on /firestation - SUCCESS
2022-01-06 18:59:55,878 INFO c.o.s.a.c.AlertsController [main] GET Request on /childAlert - SUCCESS
2022-01-06 18:59:55,900 INFO c.o.s.a.c.AlertsController [main] GET Request on /phoneAlert - SUCCESS
2022-01-06 18:59:55,938 INFO c.o.s.a.c.AlertsController [main] GET Request on /fire - SUCCESS
2022-01-06 18:59:55,958 INFO c.o.s.a.c.AlertsController [main] GET Request on /communityEmail - SUCCESS
2022-01-06 18:59:56,049 INFO o.s.t.c.s.AbstractTestContextBootstrapper [main] Neither @ContextConfiguration nor @ContextHierarchy found for test class [com.openclassrooms.safetynets.alerts.AlertsApplicationTests], using SpringBootContextLoader
2022-01-06 18:59:56,053 INFO o.s.t.c.s.AbstractContextLoader [main] Could not detect default resource locations for test class [com.openclassrooms.safetynets.alerts.AlertsApplicationTests]: no resource found for suffixes {-context.xml, Context.groovy}.
2022-01-06 18:59:56,053 INFO o.s.t.c.s.AnnotationConfigContextLoaderUtils [main] Could not detect default configuration classes for test class [com.openclassrooms.safetynets.alerts.AlertsApplicationTests]: AlertsApplicationTests does not declare any static, non-private, non-final, nested classes annotated with @Configuration.
2022-01-06 18:59:56,065 INFO o.s.b.t.c.SpringBootTestContextBootstrapper [main] Found @SpringBootConfiguration com.openclassrooms.safetynets.alerts.AlertsApplication for test class com.openclassrooms.safetynets.alerts.AlertsApplicationTests
2022-01-06 18:59:56,069 INFO o.s.t.c.s.AbstractTestContextBootstrapper [main] Loaded default TestExecutionListener class names from location [META-INF/spring.factories]: [org.springframework.boot.test.mock.mockito.MockitoTestExecutionListener, org.springframework.boot.test.mock.mockito.ResetMocksTestExecutionListener, org.springframework.boot.test.autoconfigure.restdocs.RestDocsTestExecutionListener, org.springframework.boot.test.autoconfigure.web.client.MockRestServiceServerResetTestExecutionListener, org.springframework.boot.test.autoconfigure.web.servlet.MockMvcPrintOnlyOnFailureTestExecutionListener, org.springframework.boot.test.autoconfigure.web.servlet.WebDriverTestExecutionListener, org.springframework.boot.test.autoconfigure.webservices.client.MockWebServiceServerTestExecutionListener, org.springframework.test.context.web.ServletTestExecutionListener, org.springframework.test.context.support.DirtiesContextBeforeModesTestExecutionListener, org.springframework.test.context.event.ApplicationEventsTestExecutionListener, org.springframework.test.context.support.DependencyInjectionTestExecutionListener, org.springframework.test.context.support.DirtiesContextTestExecutionListener, org.springframework.test.context.transaction.TransactionalTestExecutionListener, org.springframework.test.context.jdbc.SqlScriptsTestExecutionListener, org.springframework.test.context.event.EventPublishingTestExecutionListener]
2022-01-06 18:59:56,071 INFO o.s.t.c.s.AbstractTestContextBootstrapper [main] Using TestExecutionListeners: [org.springframework.test.context.web.ServletTestExecutionListener@438e1537, org.springframework.test.context.support.DirtiesContextBeforeModesTestExecutionListener@1c03be27, org.springframework.test.context.event.ApplicationEventsTestExecutionListener@45566129, org.springframework.boot.test.mock.mockito.MockitoTestExecutionListener@7fa7281f, org.springframework.boot.test.autoconfigure.SpringBootDependencyInjectionTestExecutionListener@4c33ad71, org.springframework.test.context.support.DirtiesContextTestExecutionListener@4d40c056, org.springframework.test.context.event.EventPublishingTestExecutionListener@3b69bffe, org.springframework.boot.test.mock.mockito.ResetMocksTestExecutionListener@7dc88f5c, org.springframework.boot.test.autoconfigure.restdocs.RestDocsTestExecutionListener@2cc1fdb1, org.springframework.boot.test.autoconfigure.web.client.MockRestServiceServerResetTestExecutionListener@67c8ca0f, org.springframework.boot.test.autoconfigure.web.servlet.MockMvcPrintOnlyOnFailureTestExecutionListener@11281f47, org.springframework.boot.test.autoconfigure.web.servlet.WebDriverTestExecutionListener@28a3c051, org.springframework.boot.test.autoconfigure.webservices.client.MockWebServiceServerTestExecutionListener@bac9c81]
